Deserialize InvertedIndex.bin...Done!
Matching queries...
Prepare String: 0.460000 ms; Find Candidates: 202.741000 ms; Evaluate Candidates: 44.511000 ms; Find Best Matches: 0.000000 ms;
Prepare String: 0.022000 ms; Find Candidates: 70.500000 ms; Evaluate Candidates: 20.762000 ms; Find Best Matches: 0.002000 ms;
Prepare String: 0.016000 ms; Find Candidates: 15.865000 ms; Evaluate Candidates: 14.709000 ms; Find Best Matches: 0.002000 ms;
Prepare String: 0.022000 ms; Find Candidates: 206.671000 ms; Evaluate Candidates: 51.151000 ms; Find Best Matches: 0.001000 ms;
Prepare String: 0.029000 ms; Find Candidates: 344.431000 ms; Evaluate Candidates: 57.688000 ms; Find Best Matches: 0.003000 ms;

Matching failed for: NO_MATCH ("A. McCallum and W. Li. 2003. Early Results for Named Entity Recognition with Conditional Random Fields, Feature Induction and Web-Enhanced Lexicons. In Proceedings of Seventh Conference on Natural Language Learning (CoNLL).")
      Found match: journals/talip/LiM03

Prepare String: 0.026000 ms; Find Candidates: 65.080000 ms; Evaluate Candidates: 29.980000 ms; Find Best Matches: 0.003000 ms;
Prepare String: 0.027000 ms; Find Candidates: 58.002000 ms; Evaluate Candidates: 22.542000 ms; Find Best Matches: 0.004000 ms;
Prepare String: 0.028000 ms; Find Candidates: 424.843000 ms; Evaluate Candidates: 48.904000 ms; Find Best Matches: 0.004000 ms;
Prepare String: 0.030000 ms; Find Candidates: 121.632000 ms; Evaluate Candidates: 41.705000 ms; Find Best Matches: 0.002000 ms;
Prepare String: 0.019000 ms; Find Candidates: 447.506000 ms; Evaluate Candidates: 41.437000 ms; Find Best Matches: 0.002000 ms;
Prepare String: 0.019000 ms; Find Candidates: 308.285000 ms; Evaluate Candidates: 28.335000 ms; Find Best Matches: 0.002000 ms;
Prepare String: 0.021000 ms; Find Candidates: 133.926000 ms; Evaluate Candidates: 29.937000 ms; Find Best Matches: 0.002000 ms;
Prepare String: 0.020000 ms; Find Candidates: 196.492000 ms; Evaluate Candidates: 36.342000 ms; Find Best Matches: 0.001000 ms;
Prepare String: 0.016000 ms; Find Candidates: 70.395000 ms; Evaluate Candidates: 19.755000 ms; Find Best Matches: 0.005000 ms;

Matching failed for: conf/seco/2009 ("Ceri, S., Brambilla, M. (eds.). Search Computing Challenges and Directions. Springer LNCS vol. 5950, March 2010.")
      Found match: conf/caise/CeriB10

Prepare String: 0.032000 ms; Find Candidates: 282.493000 ms; Evaluate Candidates: 54.515000 ms; Find Best Matches: 0.003000 ms;
Prepare String: 0.014000 ms; Find Candidates: 70.389000 ms; Evaluate Candidates: 16.883000 ms; Find Best Matches: 0.003000 ms;
Prepare String: 0.020000 ms; Find Candidates: 141.565000 ms; Evaluate Candidates: 30.092000 ms; Find Best Matches: 0.003000 ms;
Prepare String: 0.034000 ms; Find Candidates: 57.515000 ms; Evaluate Candidates: 28.502000 ms; Find Best Matches: 0.001000 ms;
Prepare String: 0.016000 ms; Find Candidates: 179.473000 ms; Evaluate Candidates: 27.074000 ms; Find Best Matches: 0.002000 ms;
Prepare String: 0.028000 ms; Find Candidates: 577.443000 ms; Evaluate Candidates: 64.634000 ms; Find Best Matches: 0.004000 ms;
Prepare String: 0.023000 ms; Find Candidates: 213.926000 ms; Evaluate Candidates: 40.321000 ms; Find Best Matches: 0.002000 ms;
Prepare String: 0.020000 ms; Find Candidates: 23.774000 ms; Evaluate Candidates: 47.532000 ms; Find Best Matches: 0.002000 ms;
Prepare String: 0.024000 ms; Find Candidates: 111.372000 ms; Evaluate Candidates: 51.621000 ms; Find Best Matches: 0.003000 ms;
Prepare String: 0.021000 ms; Find Candidates: 160.962000 ms; Evaluate Candidates: 35.061000 ms; Find Best Matches: 0.002000 ms;
Prepare String: 0.014000 ms; Find Candidates: 57.707000 ms; Evaluate Candidates: 21.544000 ms; Find Best Matches: 0.003000 ms;
Prepare String: 0.029000 ms; Find Candidates: 673.752000 ms; Evaluate Candidates: 62.838000 ms; Find Best Matches: 0.002000 ms;
Prepare String: 0.022000 ms; Find Candidates: 520.633000 ms; Evaluate Candidates: 49.440000 ms; Find Best Matches: 0.002000 ms;
Prepare String: 0.018000 ms; Find Candidates: 165.063000 ms; Evaluate Candidates: 37.055000 ms; Find Best Matches: 0.004000 ms;
Prepare String: 0.035000 ms; Find Candidates: 145.255000 ms; Evaluate Candidates: 31.871000 ms; Find Best Matches: 0.003000 ms;
Prepare String: 0.013000 ms; Find Candidates: 92.163000 ms; Evaluate Candidates: 18.907000 ms; Find Best Matches: 0.002000 ms;
Prepare String: 0.022000 ms; Find Candidates: 127.922000 ms; Evaluate Candidates: 49.396000 ms; Find Best Matches: 0.004000 ms;
Prepare String: 0.030000 ms; Find Candidates: 145.258000 ms; Evaluate Candidates: 48.281000 ms; Find Best Matches: 0.003000 ms;
Prepare String: 0.027000 ms; Find Candidates: 264.832000 ms; Evaluate Candidates: 41.068000 ms; Find Best Matches: 0.003000 ms;
Prepare String: 0.021000 ms; Find Candidates: 173.606000 ms; Evaluate Candidates: 35.181000 ms; Find Best Matches: 0.004000 ms;
Prepare String: 0.016000 ms; Find Candidates: 114.234000 ms; Evaluate Candidates: 36.191000 ms; Find Best Matches: 0.005000 ms;
Prepare String: 0.030000 ms; Find Candidates: 222.037000 ms; Evaluate Candidates: 37.625000 ms; Find Best Matches: 0.002000 ms;
Prepare String: 0.021000 ms; Find Candidates: 80.122000 ms; Evaluate Candidates: 25.572000 ms; Find Best Matches: 0.002000 ms;
Prepare String: 0.013000 ms; Find Candidates: 54.174000 ms; Evaluate Candidates: 16.470000 ms; Find Best Matches: 0.002000 ms;
Prepare String: 0.023000 ms; Find Candidates: 14.527000 ms; Evaluate Candidates: 69.285000 ms; Find Best Matches: 0.000000 ms;
Prepare String: 0.061000 ms; Find Candidates: 288.897000 ms; Evaluate Candidates: 58.594000 ms; Find Best Matches: 0.002000 ms;
Prepare String: 0.025000 ms; Find Candidates: 492.654000 ms; Evaluate Candidates: 38.629000 ms; Find Best Matches: 0.002000 ms;
Prepare String: 0.023000 ms; Find Candidates: 207.639000 ms; Evaluate Candidates: 28.097000 ms; Find Best Matches: 0.002000 ms;
Prepare String: 0.016000 ms; Find Candidates: 373.909000 ms; Evaluate Candidates: 24.825000 ms; Find Best Matches: 0.001000 ms;
Prepare String: 0.027000 ms; Find Candidates: 150.721000 ms; Evaluate Candidates: 45.081000 ms; Find Best Matches: 0.002000 ms;
Prepare String: 0.029000 ms; Find Candidates: 298.686000 ms; Evaluate Candidates: 50.203000 ms; Find Best Matches: 0.002000 ms;
Prepare String: 0.028000 ms; Find Candidates: 291.381000 ms; Evaluate Candidates: 45.843000 ms; Find Best Matches: 0.002000 ms;
Prepare String: 0.024000 ms; Find Candidates: 41.446000 ms; Evaluate Candidates: 19.122000 ms; Find Best Matches: 0.001000 ms;
Prepare String: 0.017000 ms; Find Candidates: 220.481000 ms; Evaluate Candidates: 27.093000 ms; Find Best Matches: 0.002000 ms;
Prepare String: 0.018000 ms; Find Candidates: 447.159000 ms; Evaluate Candidates: 34.275000 ms; Find Best Matches: 0.002000 ms;
Prepare String: 0.024000 ms; Find Candidates: 181.918000 ms; Evaluate Candidates: 38.429000 ms; Find Best Matches: 0.002000 ms;
Prepare String: 0.020000 ms; Find Candidates: 313.383000 ms; Evaluate Candidates: 41.159000 ms; Find Best Matches: 0.004000 ms;
Prepare String: 0.024000 ms; Find Candidates: 67.825000 ms; Evaluate Candidates: 34.239000 ms; Find Best Matches: 0.003000 ms;
Prepare String: 0.016000 ms; Find Candidates: 282.215000 ms; Evaluate Candidates: 38.559000 ms; Find Best Matches: 0.003000 ms;
Prepare String: 0.025000 ms; Find Candidates: 230.974000 ms; Evaluate Candidates: 42.571000 ms; Find Best Matches: 0.002000 ms;
Prepare String: 0.018000 ms; Find Candidates: 265.313000 ms; Evaluate Candidates: 36.091000 ms; Find Best Matches: 0.003000 ms;
Prepare String: 0.020000 ms; Find Candidates: 174.163000 ms; Evaluate Candidates: 35.274000 ms; Find Best Matches: 0.002000 ms;
Prepare String: 0.022000 ms; Find Candidates: 86.706000 ms; Evaluate Candidates: 34.767000 ms; Find Best Matches: 0.002000 ms;
Prepare String: 0.022000 ms; Find Candidates: 312.533000 ms; Evaluate Candidates: 35.733000 ms; Find Best Matches: 0.002000 ms;
Prepare String: 0.021000 ms; Find Candidates: 177.224000 ms; Evaluate Candidates: 32.722000 ms; Find Best Matches: 0.002000 ms;
Prepare String: 0.017000 ms; Find Candidates: 114.155000 ms; Evaluate Candidates: 27.920000 ms; Find Best Matches: 0.002000 ms;
Prepare String: 0.020000 ms; Find Candidates: 41.452000 ms; Evaluate Candidates: 26.783000 ms; Find Best Matches: 0.001000 ms;
Prepare String: 0.020000 ms; Find Candidates: 38.367000 ms; Evaluate Candidates: 27.343000 ms; Find Best Matches: 0.002000 ms;
Prepare String: 0.022000 ms; Find Candidates: 208.330000 ms; Evaluate Candidates: 38.633000 ms; Find Best Matches: 0.001000 ms;
Prepare String: 0.019000 ms; Find Candidates: 166.883000 ms; Evaluate Candidates: 50.327000 ms; Find Best Matches: 0.003000 ms;
Prepare String: 0.034000 ms; Find Candidates: 125.555000 ms; Evaluate Candidates: 31.330000 ms; Find Best Matches: 0.002000 ms;
Prepare String: 0.019000 ms; Find Candidates: 71.542000 ms; Evaluate Candidates: 24.650000 ms; Find Best Matches: 0.002000 ms;
Prepare String: 0.017000 ms; Find Candidates: 68.710000 ms; Evaluate Candidates: 25.440000 ms; Find Best Matches: 0.001000 ms;
Prepare String: 0.019000 ms; Find Candidates: 216.983000 ms; Evaluate Candidates: 42.898000 ms; Find Best Matches: 0.002000 ms;
Prepare String: 0.020000 ms; Find Candidates: 228.825000 ms; Evaluate Candidates: 37.942000 ms; Find Best Matches: 0.002000 ms;
Prepare String: 0.017000 ms; Find Candidates: 43.010000 ms; Evaluate Candidates: 25.300000 ms; Find Best Matches: 0.002000 ms;
Prepare String: 0.019000 ms; Find Candidates: 241.191000 ms; Evaluate Candidates: 29.816000 ms; Find Best Matches: 0.002000 ms;
Prepare String: 0.014000 ms; Find Candidates: 19.400000 ms; Evaluate Candidates: 16.684000 ms; Find Best Matches: 0.003000 ms;
Prepare String: 0.022000 ms; Find Candidates: 99.199000 ms; Evaluate Candidates: 27.382000 ms; Find Best Matches: 0.002000 ms;
Prepare String: 0.020000 ms; Find Candidates: 47.002000 ms; Evaluate Candidates: 19.102000 ms; Find Best Matches: 0.007000 ms;
Prepare String: 0.019000 ms; Find Candidates: 241.827000 ms; Evaluate Candidates: 34.737000 ms; Find Best Matches: 0.004000 ms;
Prepare String: 0.020000 ms; Find Candidates: 22.920000 ms; Evaluate Candidates: 26.156000 ms; Find Best Matches: 0.001000 ms;
Prepare String: 0.019000 ms; Find Candidates: 72.387000 ms; Evaluate Candidates: 25.738000 ms; Find Best Matches: 0.002000 ms;
Prepare String: 0.017000 ms; Find Candidates: 101.125000 ms; Evaluate Candidates: 26.680000 ms; Find Best Matches: 0.003000 ms;
Prepare String: 0.021000 ms; Find Candidates: 231.293000 ms; Evaluate Candidates: 28.598000 ms; Find Best Matches: 0.002000 ms;
Prepare String: 0.029000 ms; Find Candidates: 167.491000 ms; Evaluate Candidates: 48.597000 ms; Find Best Matches: 0.006000 ms;
Prepare String: 0.034000 ms; Find Candidates: 121.827000 ms; Evaluate Candidates: 35.513000 ms; Find Best Matches: 0.002000 ms;
Prepare String: 0.024000 ms; Find Candidates: 78.832000 ms; Evaluate Candidates: 26.981000 ms; Find Best Matches: 0.002000 ms;
Prepare String: 0.017000 ms; Find Candidates: 322.678000 ms; Evaluate Candidates: 35.750000 ms; Find Best Matches: 0.003000 ms;
Prepare String: 0.016000 ms; Find Candidates: 111.394000 ms; Evaluate Candidates: 21.733000 ms; Find Best Matches: 0.005000 ms;
Prepare String: 0.029000 ms; Find Candidates: 22.228000 ms; Evaluate Candidates: 26.484000 ms; Find Best Matches: 0.002000 ms;
Prepare String: 0.023000 ms; Find Candidates: 169.359000 ms; Evaluate Candidates: 43.355000 ms; Find Best Matches: 0.002000 ms;
Prepare String: 0.016000 ms; Find Candidates: 55.464000 ms; Evaluate Candidates: 22.398000 ms; Find Best Matches: 0.003000 ms;
Prepare String: 0.016000 ms; Find Candidates: 486.057000 ms; Evaluate Candidates: 30.658000 ms; Find Best Matches: 0.002000 ms;
Prepare String: 0.024000 ms; Find Candidates: 65.391000 ms; Evaluate Candidates: 30.924000 ms; Find Best Matches: 0.002000 ms;
Prepare String: 0.015000 ms; Find Candidates: 104.764000 ms; Evaluate Candidates: 29.001000 ms; Find Best Matches: 0.003000 ms;
Prepare String: 0.046000 ms; Find Candidates: 323.876000 ms; Evaluate Candidates: 62.414000 ms; Find Best Matches: 0.004000 ms;
Prepare String: 0.053000 ms; Find Candidates: 436.748000 ms; Evaluate Candidates: 56.643000 ms; Find Best Matches: 0.002000 ms;
Prepare String: 0.035000 ms; Find Candidates: 344.475000 ms; Evaluate Candidates: 51.482000 ms; Find Best Matches: 0.001000 ms;
Prepare String: 0.016000 ms; Find Candidates: 154.188000 ms; Evaluate Candidates: 23.934000 ms; Find Best Matches: 0.002000 ms;
Prepare String: 0.025000 ms; Find Candidates: 293.034000 ms; Evaluate Candidates: 34.978000 ms; Find Best Matches: 0.002000 ms;
Prepare String: 0.031000 ms; Find Candidates: 270.667000 ms; Evaluate Candidates: 46.982000 ms; Find Best Matches: 0.002000 ms;
Prepare String: 0.033000 ms; Find Candidates: 272.071000 ms; Evaluate Candidates: 46.535000 ms; Find Best Matches: 0.003000 ms;
Prepare String: 0.040000 ms; Find Candidates: 341.557000 ms; Evaluate Candidates: 69.885000 ms; Find Best Matches: 0.004000 ms;
Prepare String: 0.021000 ms; Find Candidates: 82.053000 ms; Evaluate Candidates: 23.594000 ms; Find Best Matches: 0.004000 ms;
Prepare String: 0.019000 ms; Find Candidates: 203.978000 ms; Evaluate Candidates: 47.449000 ms; Find Best Matches: 0.004000 ms;
Prepare String: 0.032000 ms; Find Candidates: 200.747000 ms; Evaluate Candidates: 36.962000 ms; Find Best Matches: 0.002000 ms;
Prepare String: 0.019000 ms; Find Candidates: 189.582000 ms; Evaluate Candidates: 35.318000 ms; Find Best Matches: 0.002000 ms;
Prepare String: 0.018000 ms; Find Candidates: 140.433000 ms; Evaluate Candidates: 28.725000 ms; Find Best Matches: 0.003000 ms;
Prepare String: 0.019000 ms; Find Candidates: 550.558000 ms; Evaluate Candidates: 35.939000 ms; Find Best Matches: 0.002000 ms;
Prepare String: 0.016000 ms; Find Candidates: 94.564000 ms; Evaluate Candidates: 21.587000 ms; Find Best Matches: 0.003000 ms;
Prepare String: 0.021000 ms; Find Candidates: 253.598000 ms; Evaluate Candidates: 43.196000 ms; Find Best Matches: 0.002000 ms;
Prepare String: 0.027000 ms; Find Candidates: 227.931000 ms; Evaluate Candidates: 53.804000 ms; Find Best Matches: 0.002000 ms;
Prepare String: 0.017000 ms; Find Candidates: 186.201000 ms; Evaluate Candidates: 33.055000 ms; Find Best Matches: 0.004000 ms;
Prepare String: 0.016000 ms; Find Candidates: 93.062000 ms; Evaluate Candidates: 20.385000 ms; Find Best Matches: 0.002000 ms;
Prepare String: 0.021000 ms; Find Candidates: 143.678000 ms; Evaluate Candidates: 29.451000 ms; Find Best Matches: 0.003000 ms;
Prepare String: 0.018000 ms; Find Candidates: 117.608000 ms; Evaluate Candidates: 27.792000 ms; Find Best Matches: 0.002000 ms;
Prepare String: 0.014000 ms; Find Candidates: 103.987000 ms; Evaluate Candidates: 56.438000 ms; Find Best Matches: 0.000000 ms;
Prepare String: 0.031000 ms; Find Candidates: 375.198000 ms; Evaluate Candidates: 47.401000 ms; Find Best Matches: 0.003000 ms;
Prepare String: 0.021000 ms; Find Candidates: 223.129000 ms; Evaluate Candidates: 53.805000 ms; Find Best Matches: 0.004000 ms;
Prepare String: 0.026000 ms; Find Candidates: 346.257000 ms; Evaluate Candidates: 39.493000 ms; Find Best Matches: 0.002000 ms;
Prepare String: 0.020000 ms; Find Candidates: 552.858000 ms; Evaluate Candidates: 51.593000 ms; Find Best Matches: 0.009000 ms;
Prepare String: 0.044000 ms; Find Candidates: 88.935000 ms; Evaluate Candidates: 40.721000 ms; Find Best Matches: 0.002000 ms;
Prepare String: 0.017000 ms; Find Candidates: 213.143000 ms; Evaluate Candidates: 43.099000 ms; Find Best Matches: 0.004000 ms;
Prepare String: 0.020000 ms; Find Candidates: 398.648000 ms; Evaluate Candidates: 34.948000 ms; Find Best Matches: 0.002000 ms;
Prepare String: 0.023000 ms; Find Candidates: 192.493000 ms; Evaluate Candidates: 36.230000 ms; Find Best Matches: 0.001000 ms;
Prepare String: 0.017000 ms; Find Candidates: 238.480000 ms; Evaluate Candidates: 34.662000 ms; Find Best Matches: 0.000000 ms;
Prepare String: 0.021000 ms; Find Candidates: 228.022000 ms; Evaluate Candidates: 51.869000 ms; Find Best Matches: 0.006000 ms;
Prepare String: 0.025000 ms; Find Candidates: 87.573000 ms; Evaluate Candidates: 33.867000 ms; Find Best Matches: 0.000000 ms;
Prepare String: 0.022000 ms; Find Candidates: 362.867000 ms; Evaluate Candidates: 54.049000 ms; Find Best Matches: 0.002000 ms;
Prepare String: 0.022000 ms; Find Candidates: 235.705000 ms; Evaluate Candidates: 35.204000 ms; Find Best Matches: 0.002000 ms;
Prepare String: 0.020000 ms; Find Candidates: 711.811000 ms; Evaluate Candidates: 45.624000 ms; Find Best Matches: 0.005000 ms;
Prepare String: 0.034000 ms; Find Candidates: 161.813000 ms; Evaluate Candidates: 32.134000 ms; Find Best Matches: 0.000000 ms;
Prepare String: 0.017000 ms; Find Candidates: 89.953000 ms; Evaluate Candidates: 27.958000 ms; Find Best Matches: 0.004000 ms;
Prepare String: 0.030000 ms; Find Candidates: 174.157000 ms; Evaluate Candidates: 58.121000 ms; Find Best Matches: 0.003000 ms;
Prepare String: 0.045000 ms; Find Candidates: 262.052000 ms; Evaluate Candidates: 61.240000 ms; Find Best Matches: 0.004000 ms;
Prepare String: 0.036000 ms; Find Candidates: 214.465000 ms; Evaluate Candidates: 47.892000 ms; Find Best Matches: 0.002000 ms;
Prepare String: 0.023000 ms; Find Candidates: 248.979000 ms; Evaluate Candidates: 34.147000 ms; Find Best Matches: 0.002000 ms;
Prepare String: 0.022000 ms; Find Candidates: 190.465000 ms; Evaluate Candidates: 36.236000 ms; Find Best Matches: 0.003000 ms;
Prepare String: 0.022000 ms; Find Candidates: 214.542000 ms; Evaluate Candidates: 27.209000 ms; Find Best Matches: 0.000000 ms;
Prepare String: 0.055000 ms; Find Candidates: 170.740000 ms; Evaluate Candidates: 39.850000 ms; Find Best Matches: 0.003000 ms;
Prepare String: 0.015000 ms; Find Candidates: 33.200000 ms; Evaluate Candidates: 21.327000 ms; Find Best Matches: 0.001000 ms;
Prepare String: 0.020000 ms; Find Candidates: 52.568000 ms; Evaluate Candidates: 60.311000 ms; Find Best Matches: 0.002000 ms;
Prepare String: 0.015000 ms; Find Candidates: 25.575000 ms; Evaluate Candidates: 14.466000 ms; Find Best Matches: 0.001000 ms;
Prepare String: 0.015000 ms; Find Candidates: 23.141000 ms; Evaluate Candidates: 23.542000 ms; Find Best Matches: 0.001000 ms;
Prepare String: 0.019000 ms; Find Candidates: 68.157000 ms; Evaluate Candidates: 27.528000 ms; Find Best Matches: 0.002000 ms;
Prepare String: 0.021000 ms; Find Candidates: 26.841000 ms; Evaluate Candidates: 22.488000 ms; Find Best Matches: 0.002000 ms;
Prepare String: 0.018000 ms; Find Candidates: 41.416000 ms; Evaluate Candidates: 23.496000 ms; Find Best Matches: 0.002000 ms;
Prepare String: 0.025000 ms; Find Candidates: 167.395000 ms; Evaluate Candidates: 34.967000 ms; Find Best Matches: 0.002000 ms;
Prepare String: 0.019000 ms; Find Candidates: 56.369000 ms; Evaluate Candidates: 25.954000 ms; Find Best Matches: 0.002000 ms;
Prepare String: 0.026000 ms; Find Candidates: 269.184000 ms; Evaluate Candidates: 47.042000 ms; Find Best Matches: 0.002000 ms;
Prepare String: 0.019000 ms; Find Candidates: 266.602000 ms; Evaluate Candidates: 38.336000 ms; Find Best Matches: 0.004000 ms;
Prepare String: 0.030000 ms; Find Candidates: 191.165000 ms; Evaluate Candidates: 48.244000 ms; Find Best Matches: 0.002000 ms;
Prepare String: 0.019000 ms; Find Candidates: 59.785000 ms; Evaluate Candidates: 23.694000 ms; Find Best Matches: 0.004000 ms;
Prepare String: 0.021000 ms; Find Candidates: 24.783000 ms; Evaluate Candidates: 24.772000 ms; Find Best Matches: 0.002000 ms;
Prepare String: 0.019000 ms; Find Candidates: 205.394000 ms; Evaluate Candidates: 25.452000 ms; Find Best Matches: 0.004000 ms;
Prepare String: 0.018000 ms; Find Candidates: 150.385000 ms; Evaluate Candidates: 30.664000 ms; Find Best Matches: 0.002000 ms;
Prepare String: 0.018000 ms; Find Candidates: 141.663000 ms; Evaluate Candidates: 31.035000 ms; Find Best Matches: 0.002000 ms;
Prepare String: 0.017000 ms; Find Candidates: 318.119000 ms; Evaluate Candidates: 39.319000 ms; Find Best Matches: 0.003000 ms;
Prepare String: 0.020000 ms; Find Candidates: 89.344000 ms; Evaluate Candidates: 27.751000 ms; Find Best Matches: 0.002000 ms;
Prepare String: 0.026000 ms; Find Candidates: 285.292000 ms; Evaluate Candidates: 45.715000 ms; Find Best Matches: 0.003000 ms;
Prepare String: 0.018000 ms; Find Candidates: 67.881000 ms; Evaluate Candidates: 29.638000 ms; Find Best Matches: 0.002000 ms;
Prepare String: 0.018000 ms; Find Candidates: 152.628000 ms; Evaluate Candidates: 35.407000 ms; Find Best Matches: 0.002000 ms;

Matching failed for: journals/siamcomp/Srinivasan06 ("A. Srinivasan. An extension of the lov ́sz local lemma, and its applications to integer programming. SIAM Journal on Computing, 36(3):609–634, 2006.")
      Found match: journals/corr/cs-DS-0307043

Prepare String: 0.022000 ms; Find Candidates: 175.185000 ms; Evaluate Candidates: 40.450000 ms; Find Best Matches: 0.003000 ms;
Prepare String: 0.017000 ms; Find Candidates: 50.405000 ms; Evaluate Candidates: 21.416000 ms; Find Best Matches: 0.001000 ms;
Prepare String: 0.022000 ms; Find Candidates: 286.941000 ms; Evaluate Candidates: 31.037000 ms; Find Best Matches: 0.003000 ms;
Prepare String: 0.020000 ms; Find Candidates: 46.891000 ms; Evaluate Candidates: 26.564000 ms; Find Best Matches: 0.002000 ms;
Prepare String: 0.018000 ms; Find Candidates: 61.287000 ms; Evaluate Candidates: 21.816000 ms; Find Best Matches: 0.001000 ms;
Prepare String: 0.018000 ms; Find Candidates: 75.439000 ms; Evaluate Candidates: 28.935000 ms; Find Best Matches: 0.003000 ms;
Prepare String: 0.031000 ms; Find Candidates: 106.553000 ms; Evaluate Candidates: 40.839000 ms; Find Best Matches: 0.002000 ms;
Prepare String: 0.023000 ms; Find Candidates: 204.763000 ms; Evaluate Candidates: 40.913000 ms; Find Best Matches: 0.003000 ms;
Prepare String: 0.020000 ms; Find Candidates: 192.950000 ms; Evaluate Candidates: 33.874000 ms; Find Best Matches: 0.002000 ms;
Prepare String: 0.028000 ms; Find Candidates: 195.689000 ms; Evaluate Candidates: 46.295000 ms; Find Best Matches: 0.002000 ms;
Prepare String: 0.018000 ms; Find Candidates: 143.086000 ms; Evaluate Candidates: 44.281000 ms; Find Best Matches: 0.004000 ms;
Prepare String: 0.026000 ms; Find Candidates: 180.294000 ms; Evaluate Candidates: 37.599000 ms; Find Best Matches: 0.008000 ms;
Prepare String: 0.033000 ms; Find Candidates: 141.372000 ms; Evaluate Candidates: 51.391000 ms; Find Best Matches: 0.000000 ms;
Prepare String: 0.027000 ms; Find Candidates: 155.329000 ms; Evaluate Candidates: 48.596000 ms; Find Best Matches: 0.006000 ms;
Prepare String: 0.028000 ms; Find Candidates: 135.097000 ms; Evaluate Candidates: 44.392000 ms; Find Best Matches: 0.003000 ms;
Prepare String: 0.029000 ms; Find Candidates: 243.556000 ms; Evaluate Candidates: 30.481000 ms; Find Best Matches: 0.002000 ms;
Prepare String: 0.020000 ms; Find Candidates: 109.408000 ms; Evaluate Candidates: 31.069000 ms; Find Best Matches: 0.002000 ms;
Prepare String: 0.021000 ms; Find Candidates: 41.704000 ms; Evaluate Candidates: 29.714000 ms; Find Best Matches: 0.000000 ms;
Prepare String: 0.019000 ms; Find Candidates: 244.471000 ms; Evaluate Candidates: 31.679000 ms; Find Best Matches: 0.003000 ms;
Prepare String: 0.019000 ms; Find Candidates: 153.874000 ms; Evaluate Candidates: 35.597000 ms; Find Best Matches: 0.002000 ms;
Prepare String: 0.030000 ms; Find Candidates: 171.507000 ms; Evaluate Candidates: 48.343000 ms; Find Best Matches: 0.002000 ms;
Prepare String: 0.017000 ms; Find Candidates: 150.676000 ms; Evaluate Candidates: 24.640000 ms; Find Best Matches: 0.004000 ms;
Prepare String: 0.021000 ms; Find Candidates: 140.870000 ms; Evaluate Candidates: 24.099000 ms; Find Best Matches: 0.002000 ms;
Prepare String: 0.029000 ms; Find Candidates: 84.287000 ms; Evaluate Candidates: 63.249000 ms; Find Best Matches: 0.004000 ms;
Prepare String: 0.025000 ms; Find Candidates: 306.474000 ms; Evaluate Candidates: 27.655000 ms; Find Best Matches: 0.001000 ms;
Prepare String: 0.017000 ms; Find Candidates: 93.511000 ms; Evaluate Candidates: 29.168000 ms; Find Best Matches: 0.003000 ms;
Prepare String: 0.045000 ms; Find Candidates: 454.100000 ms; Evaluate Candidates: 73.930000 ms; Find Best Matches: 0.003000 ms;
Prepare String: 0.019000 ms; Find Candidates: 13.043000 ms; Evaluate Candidates: 32.352000 ms; Find Best Matches: 0.001000 ms;
Prepare String: 0.021000 ms; Find Candidates: 71.105000 ms; Evaluate Candidates: 40.864000 ms; Find Best Matches: 0.002000 ms;
Prepare String: 0.023000 ms; Find Candidates: 19.507000 ms; Evaluate Candidates: 24.083000 ms; Find Best Matches: 0.001000 ms;
Prepare String: 0.022000 ms; Find Candidates: 30.825000 ms; Evaluate Candidates: 30.473000 ms; Find Best Matches: 0.002000 ms;
Prepare String: 0.040000 ms; Find Candidates: 265.320000 ms; Evaluate Candidates: 27.877000 ms; Find Best Matches: 0.003000 ms;
Prepare String: 0.023000 ms; Find Candidates: 251.224000 ms; Evaluate Candidates: 38.901000 ms; Find Best Matches: 0.002000 ms;

Matching failed for: journals/fgcs/RoureGS09 ("De Roure D, Goble C, Stevens R. The design and realisation of the virtual research environment for social sharing of workflows. Future Generation Computer Systems 2009; 25:561–567.")
      Found match: conf/eScience/RoureGS07

Prepare String: 0.020000 ms; Find Candidates: 142.506000 ms; Evaluate Candidates: 29.713000 ms; Find Best Matches: 0.002000 ms;
Prepare String: 0.022000 ms; Find Candidates: 85.862000 ms; Evaluate Candidates: 27.669000 ms; Find Best Matches: 0.002000 ms;
Prepare String: 0.024000 ms; Find Candidates: 90.594000 ms; Evaluate Candidates: 26.389000 ms; Find Best Matches: 0.001000 ms;
Prepare String: 0.033000 ms; Find Candidates: 125.774000 ms; Evaluate Candidates: 48.872000 ms; Find Best Matches: 0.002000 ms;
Prepare String: 0.013000 ms; Find Candidates: 17.273000 ms; Evaluate Candidates: 13.440000 ms; Find Best Matches: 0.001000 ms;
Prepare String: 0.036000 ms; Find Candidates: 348.647000 ms; Evaluate Candidates: 47.064000 ms; Find Best Matches: 0.001000 ms;
Prepare String: 0.019000 ms; Find Candidates: 134.402000 ms; Evaluate Candidates: 36.137000 ms; Find Best Matches: 0.002000 ms;
Prepare String: 0.031000 ms; Find Candidates: 439.723000 ms; Evaluate Candidates: 59.324000 ms; Find Best Matches: 0.002000 ms;
Prepare String: 0.025000 ms; Find Candidates: 254.771000 ms; Evaluate Candidates: 35.247000 ms; Find Best Matches: 0.002000 ms;
Prepare String: 0.025000 ms; Find Candidates: 95.654000 ms; Evaluate Candidates: 44.194000 ms; Find Best Matches: 0.003000 ms;
Prepare String: 0.028000 ms; Find Candidates: 430.632000 ms; Evaluate Candidates: 79.386000 ms; Find Best Matches: 0.005000 ms;
Prepare String: 0.040000 ms; Find Candidates: 341.390000 ms; Evaluate Candidates: 38.056000 ms; Find Best Matches: 0.003000 ms;
Prepare String: 0.030000 ms; Find Candidates: 124.382000 ms; Evaluate Candidates: 69.559000 ms; Find Best Matches: 0.003000 ms;
Prepare String: 0.026000 ms; Find Candidates: 289.965000 ms; Evaluate Candidates: 60.965000 ms; Find Best Matches: 0.003000 ms;
Prepare String: 0.059000 ms; Find Candidates: 732.707000 ms; Evaluate Candidates: 67.765000 ms; Find Best Matches: 0.002000 ms;
Prepare String: 0.033000 ms; Find Candidates: 411.013000 ms; Evaluate Candidates: 64.061000 ms; Find Best Matches: 0.003000 ms;
Prepare String: 0.039000 ms; Find Candidates: 467.992000 ms; Evaluate Candidates: 42.415000 ms; Find Best Matches: 0.003000 ms;
Prepare String: 0.028000 ms; Find Candidates: 634.789000 ms; Evaluate Candidates: 45.950000 ms; Find Best Matches: 0.002000 ms;
Prepare String: 0.018000 ms; Find Candidates: 88.625000 ms; Evaluate Candidates: 22.283000 ms; Find Best Matches: 0.002000 ms;
Prepare String: 0.025000 ms; Find Candidates: 49.061000 ms; Evaluate Candidates: 24.500000 ms; Find Best Matches: 0.003000 ms;
Prepare String: 0.020000 ms; Find Candidates: 180.761000 ms; Evaluate Candidates: 44.911000 ms; Find Best Matches: 0.004000 ms;
Prepare String: 0.029000 ms; Find Candidates: 61.543000 ms; Evaluate Candidates: 30.036000 ms; Find Best Matches: 0.002000 ms;
Prepare String: 0.019000 ms; Find Candidates: 136.050000 ms; Evaluate Candidates: 36.239000 ms; Find Best Matches: 0.002000 ms;
Prepare String: 0.031000 ms; Find Candidates: 395.456000 ms; Evaluate Candidates: 66.316000 ms; Find Best Matches: 0.003000 ms;
Prepare String: 0.021000 ms; Find Candidates: 70.614000 ms; Evaluate Candidates: 44.951000 ms; Find Best Matches: 0.003000 ms;
Prepare String: 0.040000 ms; Find Candidates: 245.489000 ms; Evaluate Candidates: 53.227000 ms; Find Best Matches: 0.002000 ms;
Prepare String: 0.018000 ms; Find Candidates: 85.572000 ms; Evaluate Candidates: 23.196000 ms; Find Best Matches: 0.002000 ms;
Prepare String: 0.017000 ms; Find Candidates: 126.142000 ms; Evaluate Candidates: 39.376000 ms; Find Best Matches: 0.004000 ms;
Prepare String: 0.029000 ms; Find Candidates: 374.645000 ms; Evaluate Candidates: 34.341000 ms; Find Best Matches: 0.004000 ms;
Prepare String: 0.035000 ms; Find Candidates: 289.871000 ms; Evaluate Candidates: 35.456000 ms; Find Best Matches: 0.003000 ms;
Prepare String: 0.027000 ms; Find Candidates: 162.711000 ms; Evaluate Candidates: 47.140000 ms; Find Best Matches: 0.003000 ms;
Prepare String: 0.027000 ms; Find Candidates: 97.797000 ms; Evaluate Candidates: 32.620000 ms; Find Best Matches: 0.002000 ms;
Prepare String: 0.019000 ms; Find Candidates: 100.765000 ms; Evaluate Candidates: 27.118000 ms; Find Best Matches: 0.002000 ms;
Prepare String: 0.023000 ms; Find Candidates: 66.590000 ms; Evaluate Candidates: 31.850000 ms; Find Best Matches: 0.002000 ms;
Prepare String: 0.025000 ms; Find Candidates: 73.665000 ms; Evaluate Candidates: 30.289000 ms; Find Best Matches: 0.002000 ms;
Prepare String: 0.026000 ms; Find Candidates: 368.064000 ms; Evaluate Candidates: 50.403000 ms; Find Best Matches: 0.002000 ms;
Prepare String: 0.027000 ms; Find Candidates: 363.311000 ms; Evaluate Candidates: 45.952000 ms; Find Best Matches: 0.003000 ms;
Prepare String: 0.023000 ms; Find Candidates: 112.003000 ms; Evaluate Candidates: 32.513000 ms; Find Best Matches: 0.001000 ms;
Prepare String: 0.033000 ms; Find Candidates: 106.782000 ms; Evaluate Candidates: 53.905000 ms; Find Best Matches: 0.000000 ms;
Prepare String: 0.024000 ms; Find Candidates: 410.294000 ms; Evaluate Candidates: 62.355000 ms; Find Best Matches: 0.003000 ms;
Prepare String: 0.041000 ms; Find Candidates: 149.090000 ms; Evaluate Candidates: 36.452000 ms; Find Best Matches: 0.002000 ms;
Prepare String: 0.029000 ms; Find Candidates: 431.152000 ms; Evaluate Candidates: 52.214000 ms; Find Best Matches: 0.029000 ms;
Prepare String: 0.020000 ms; Find Candidates: 113.772000 ms; Evaluate Candidates: 48.016000 ms; Find Best Matches: 0.003000 ms;
Prepare String: 0.023000 ms; Find Candidates: 51.470000 ms; Evaluate Candidates: 28.174000 ms; Find Best Matches: 0.003000 ms;
Prepare String: 0.043000 ms; Find Candidates: 152.197000 ms; Evaluate Candidates: 41.815000 ms; Find Best Matches: 0.004000 ms;
Prepare String: 0.031000 ms; Find Candidates: 152.874000 ms; Evaluate Candidates: 37.389000 ms; Find Best Matches: 0.003000 ms;
Prepare String: 0.033000 ms; Find Candidates: 259.512000 ms; Evaluate Candidates: 61.662000 ms; Find Best Matches: 0.003000 ms;
Prepare String: 0.041000 ms; Find Candidates: 721.255000 ms; Evaluate Candidates: 71.747000 ms; Find Best Matches: 0.004000 ms;
Prepare String: 0.036000 ms; Find Candidates: 147.214000 ms; Evaluate Candidates: 38.717000 ms; Find Best Matches: 0.002000 ms;
Prepare String: 0.029000 ms; Find Candidates: 84.859000 ms; Evaluate Candidates: 46.637000 ms; Find Best Matches: 0.002000 ms;
Prepare String: 0.027000 ms; Find Candidates: 223.863000 ms; Evaluate Candidates: 46.374000 ms; Find Best Matches: 0.002000 ms;
Prepare String: 0.025000 ms; Find Candidates: 163.626000 ms; Evaluate Candidates: 47.937000 ms; Find Best Matches: 0.003000 ms;
Prepare String: 0.027000 ms; Find Candidates: 90.186000 ms; Evaluate Candidates: 29.244000 ms; Find Best Matches: 0.004000 ms;
Prepare String: 0.039000 ms; Find Candidates: 276.466000 ms; Evaluate Candidates: 37.586000 ms; Find Best Matches: 0.002000 ms;
Prepare String: 0.027000 ms; Find Candidates: 233.239000 ms; Evaluate Candidates: 49.409000 ms; Find Best Matches: 0.002000 ms;
Prepare String: 0.029000 ms; Find Candidates: 156.432000 ms; Evaluate Candidates: 53.107000 ms; Find Best Matches: 0.003000 ms;
Prepare String: 0.029000 ms; Find Candidates: 254.711000 ms; Evaluate Candidates: 40.578000 ms; Find Best Matches: 0.002000 ms;
Prepare String: 0.024000 ms; Find Candidates: 24.541000 ms; Evaluate Candidates: 30.574000 ms; Find Best Matches: 0.002000 ms;
Prepare String: 0.027000 ms; Find Candidates: 239.481000 ms; Evaluate Candidates: 38.275000 ms; Find Best Matches: 0.002000 ms;
Prepare String: 0.026000 ms; Find Candidates: 391.454000 ms; Evaluate Candidates: 45.072000 ms; Find Best Matches: 0.002000 ms;
Prepare String: 0.033000 ms; Find Candidates: 159.215000 ms; Evaluate Candidates: 40.126000 ms; Find Best Matches: 0.002000 ms;
Prepare String: 0.022000 ms; Find Candidates: 435.560000 ms; Evaluate Candidates: 40.584000 ms; Find Best Matches: 0.000000 ms;

Matching failed for: journals/classification/FraleyR03 ("C. Fraley and A.E. Raftery, “Model-Based Clustering, Discriminant Analysis, and Density Estimation,” J. Am. Statistical Assoc., vol. 97, pp. 611-631, 2002.")
      Found match: No Match!

Prepare String: 0.025000 ms; Find Candidates: 208.520000 ms; Evaluate Candidates: 39.007000 ms; Find Best Matches: 0.003000 ms;
Prepare String: 0.022000 ms; Find Candidates: 23.393000 ms; Evaluate Candidates: 21.338000 ms; Find Best Matches: 0.002000 ms;
Prepare String: 0.024000 ms; Find Candidates: 42.733000 ms; Evaluate Candidates: 31.793000 ms; Find Best Matches: 0.001000 ms;
Prepare String: 0.029000 ms; Find Candidates: 379.127000 ms; Evaluate Candidates: 41.117000 ms; Find Best Matches: 0.001000 ms;
Prepare String: 0.023000 ms; Find Candidates: 366.002000 ms; Evaluate Candidates: 43.014000 ms; Find Best Matches: 0.005000 ms;
Prepare String: 0.030000 ms; Find Candidates: 410.691000 ms; Evaluate Candidates: 34.377000 ms; Find Best Matches: 0.002000 ms;
Prepare String: 0.017000 ms; Find Candidates: 88.570000 ms; Evaluate Candidates: 21.821000 ms; Find Best Matches: 0.002000 ms;
Prepare String: 0.018000 ms; Find Candidates: 167.500000 ms; Evaluate Candidates: 30.351000 ms; Find Best Matches: 0.002000 ms;
Prepare String: 0.017000 ms; Find Candidates: 102.662000 ms; Evaluate Candidates: 25.970000 ms; Find Best Matches: 0.002000 ms;
Prepare String: 0.016000 ms; Find Candidates: 140.655000 ms; Evaluate Candidates: 28.497000 ms; Find Best Matches: 0.001000 ms;
Prepare String: 0.015000 ms; Find Candidates: 209.417000 ms; Evaluate Candidates: 28.691000 ms; Find Best Matches: 0.003000 ms;
Prepare String: 0.022000 ms; Find Candidates: 125.540000 ms; Evaluate Candidates: 26.567000 ms; Find Best Matches: 0.002000 ms;
Prepare String: 0.016000 ms; Find Candidates: 128.120000 ms; Evaluate Candidates: 32.498000 ms; Find Best Matches: 0.002000 ms;
Prepare String: 0.035000 ms; Find Candidates: 229.029000 ms; Evaluate Candidates: 46.130000 ms; Find Best Matches: 0.002000 ms;
Prepare String: 0.038000 ms; Find Candidates: 569.532000 ms; Evaluate Candidates: 60.402000 ms; Find Best Matches: 0.002000 ms;
Prepare String: 0.043000 ms; Find Candidates: 364.039000 ms; Evaluate Candidates: 73.740000 ms; Find Best Matches: 0.002000 ms;
Prepare String: 0.039000 ms; Find Candidates: 231.767000 ms; Evaluate Candidates: 63.811000 ms; Find Best Matches: 0.002000 ms;
Prepare String: 0.037000 ms; Find Candidates: 436.730000 ms; Evaluate Candidates: 75.410000 ms; Find Best Matches: 0.003000 ms;
Prepare String: 0.034000 ms; Find Candidates: 261.074000 ms; Evaluate Candidates: 51.560000 ms; Find Best Matches: 0.002000 ms;
Prepare String: 0.031000 ms; Find Candidates: 292.068000 ms; Evaluate Candidates: 31.196000 ms; Find Best Matches: 0.003000 ms;
Prepare String: 0.017000 ms; Find Candidates: 264.858000 ms; Evaluate Candidates: 24.201000 ms; Find Best Matches: 0.002000 ms;
Prepare String: 0.036000 ms; Find Candidates: 185.590000 ms; Evaluate Candidates: 72.405000 ms; Find Best Matches: 0.004000 ms;
Prepare String: 0.050000 ms; Find Candidates: 306.640000 ms; Evaluate Candidates: 60.275000 ms; Find Best Matches: 0.002000 ms;
Prepare String: 0.027000 ms; Find Candidates: 206.207000 ms; Evaluate Candidates: 35.927000 ms; Find Best Matches: 0.002000 ms;
Prepare String: 0.016000 ms; Find Candidates: 111.149000 ms; Evaluate Candidates: 21.619000 ms; Find Best Matches: 0.003000 ms;
Prepare String: 0.022000 ms; Find Candidates: 177.782000 ms; Evaluate Candidates: 37.625000 ms; Find Best Matches: 0.002000 ms;
Prepare String: 0.022000 ms; Find Candidates: 494.366000 ms; Evaluate Candidates: 47.557000 ms; Find Best Matches: 0.003000 ms;
Prepare String: 0.020000 ms; Find Candidates: 161.772000 ms; Evaluate Candidates: 37.819000 ms; Find Best Matches: 0.002000 ms;
Prepare String: 0.029000 ms; Find Candidates: 161.649000 ms; Evaluate Candidates: 36.123000 ms; Find Best Matches: 0.002000 ms;
Prepare String: 0.017000 ms; Find Candidates: 264.319000 ms; Evaluate Candidates: 39.697000 ms; Find Best Matches: 0.002000 ms;
Prepare String: 0.022000 ms; Find Candidates: 91.084000 ms; Evaluate Candidates: 40.790000 ms; Find Best Matches: 0.004000 ms;
Prepare String: 0.036000 ms; Find Candidates: 89.640000 ms; Evaluate Candidates: 45.848000 ms; Find Best Matches: 0.003000 ms;
Prepare String: 0.025000 ms; Find Candidates: 72.372000 ms; Evaluate Candidates: 36.443000 ms; Find Best Matches: 0.002000 ms;
Prepare String: 0.021000 ms; Find Candidates: 223.621000 ms; Evaluate Candidates: 38.597000 ms; Find Best Matches: 0.002000 ms;
Prepare String: 0.019000 ms; Find Candidates: 70.953000 ms; Evaluate Candidates: 23.505000 ms; Find Best Matches: 0.001000 ms;
Prepare String: 0.025000 ms; Find Candidates: 229.773000 ms; Evaluate Candidates: 38.550000 ms; Find Best Matches: 0.002000 ms;
Prepare String: 0.023000 ms; Find Candidates: 398.333000 ms; Evaluate Candidates: 39.446000 ms; Find Best Matches: 0.002000 ms;
Prepare String: 0.031000 ms; Find Candidates: 307.098000 ms; Evaluate Candidates: 41.166000 ms; Find Best Matches: 0.002000 ms;
Prepare String: 0.021000 ms; Find Candidates: 561.817000 ms; Evaluate Candidates: 49.733000 ms; Find Best Matches: 0.001000 ms;
Prepare String: 0.028000 ms; Find Candidates: 152.231000 ms; Evaluate Candidates: 37.565000 ms; Find Best Matches: 0.002000 ms;
Prepare String: 0.016000 ms; Find Candidates: 42.562000 ms; Evaluate Candidates: 19.146000 ms; Find Best Matches: 0.003000 ms;
Prepare String: 0.039000 ms; Find Candidates: 410.272000 ms; Evaluate Candidates: 39.724000 ms; Find Best Matches: 0.002000 ms;
Prepare String: 0.022000 ms; Find Candidates: 404.582000 ms; Evaluate Candidates: 36.346000 ms; Find Best Matches: 0.002000 ms;
Prepare String: 0.029000 ms; Find Candidates: 295.984000 ms; Evaluate Candidates: 38.185000 ms; Find Best Matches: 0.004000 ms;
Prepare String: 0.029000 ms; Find Candidates: 385.393000 ms; Evaluate Candidates: 41.523000 ms; Find Best Matches: 0.002000 ms;
Prepare String: 0.029000 ms; Find Candidates: 456.603000 ms; Evaluate Candidates: 45.825000 ms; Find Best Matches: 0.002000 ms;
Prepare String: 0.031000 ms; Find Candidates: 227.870000 ms; Evaluate Candidates: 40.931000 ms; Find Best Matches: 0.002000 ms;
Prepare String: 0.026000 ms; Find Candidates: 410.443000 ms; Evaluate Candidates: 58.454000 ms; Find Best Matches: 0.007000 ms;
Prepare String: 0.057000 ms; Find Candidates: 518.308000 ms; Evaluate Candidates: 66.717000 ms; Find Best Matches: 0.001000 ms;
Prepare String: 0.027000 ms; Find Candidates: 540.472000 ms; Evaluate Candidates: 49.603000 ms; Find Best Matches: 0.002000 ms;
Prepare String: 0.041000 ms; Find Candidates: 214.471000 ms; Evaluate Candidates: 39.591000 ms; Find Best Matches: 0.002000 ms;
Prepare String: 0.024000 ms; Find Candidates: 125.310000 ms; Evaluate Candidates: 41.037000 ms; Find Best Matches: 0.002000 ms;
Prepare String: 0.025000 ms; Find Candidates: 500.214000 ms; Evaluate Candidates: 58.693000 ms; Find Best Matches: 0.003000 ms;
Prepare String: 0.035000 ms; Find Candidates: 147.741000 ms; Evaluate Candidates: 42.163000 ms; Find Best Matches: 0.002000 ms;
Prepare String: 0.021000 ms; Find Candidates: 208.541000 ms; Evaluate Candidates: 25.227000 ms; Find Best Matches: 0.002000 ms;
Prepare String: 0.019000 ms; Find Candidates: 144.093000 ms; Evaluate Candidates: 29.964000 ms; Find Best Matches: 0.002000 ms;
Prepare String: 0.018000 ms; Find Candidates: 74.640000 ms; Evaluate Candidates: 23.273000 ms; Find Best Matches: 0.002000 ms;
Prepare String: 0.024000 ms; Find Candidates: 195.566000 ms; Evaluate Candidates: 33.896000 ms; Find Best Matches: 0.002000 ms;
Prepare String: 0.018000 ms; Find Candidates: 134.308000 ms; Evaluate Candidates: 27.422000 ms; Find Best Matches: 0.003000 ms;
Prepare String: 0.016000 ms; Find Candidates: 111.239000 ms; Evaluate Candidates: 24.904000 ms; Find Best Matches: 0.002000 ms;
Prepare String: 0.020000 ms; Find Candidates: 209.769000 ms; Evaluate Candidates: 60.262000 ms; Find Best Matches: 0.005000 ms;
Prepare String: 0.035000 ms; Find Candidates: 76.685000 ms; Evaluate Candidates: 45.939000 ms; Find Best Matches: 0.005000 ms;
Prepare String: 0.038000 ms; Find Candidates: 343.986000 ms; Evaluate Candidates: 39.709000 ms; Find Best Matches: 0.004000 ms;
Prepare String: 0.024000 ms; Find Candidates: 251.446000 ms; Evaluate Candidates: 27.067000 ms; Find Best Matches: 0.002000 ms;
Prepare String: 0.016000 ms; Find Candidates: 85.298000 ms; Evaluate Candidates: 22.088000 ms; Find Best Matches: 0.001000 ms;
Prepare String: 0.015000 ms; Find Candidates: 25.066000 ms; Evaluate Candidates: 17.433000 ms; Find Best Matches: 0.001000 ms;
Prepare String: 0.019000 ms; Find Candidates: 105.463000 ms; Evaluate Candidates: 30.127000 ms; Find Best Matches: 0.002000 ms;
Prepare String: 0.015000 ms; Find Candidates: 60.154000 ms; Evaluate Candidates: 21.917000 ms; Find Best Matches: 0.001000 ms;
Prepare String: 0.016000 ms; Find Candidates: 29.288000 ms; Evaluate Candidates: 21.824000 ms; Find Best Matches: 0.002000 ms;
Prepare String: 0.020000 ms; Find Candidates: 109.669000 ms; Evaluate Candidates: 32.949000 ms; Find Best Matches: 0.002000 ms;
Prepare String: 0.017000 ms; Find Candidates: 172.161000 ms; Evaluate Candidates: 26.480000 ms; Find Best Matches: 0.002000 ms;
Prepare String: 0.019000 ms; Find Candidates: 211.168000 ms; Evaluate Candidates: 30.322000 ms; Find Best Matches: 0.002000 ms;
Prepare String: 0.020000 ms; Find Candidates: 275.587000 ms; Evaluate Candidates: 25.436000 ms; Find Best Matches: 0.002000 ms;
Prepare String: 0.014000 ms; Find Candidates: 197.030000 ms; Evaluate Candidates: 22.694000 ms; Find Best Matches: 0.004000 ms;
Prepare String: 0.016000 ms; Find Candidates: 168.713000 ms; Evaluate Candidates: 26.075000 ms; Find Best Matches: 0.002000 ms;
Prepare String: 0.021000 ms; Find Candidates: 422.543000 ms; Evaluate Candidates: 32.682000 ms; Find Best Matches: 0.002000 ms;
Prepare String: 0.020000 ms; Find Candidates: 242.775000 ms; Evaluate Candidates: 27.904000 ms; Find Best Matches: 0.003000 ms;
Prepare String: 0.020000 ms; Find Candidates: 390.929000 ms; Evaluate Candidates: 34.945000 ms; Find Best Matches: 0.003000 ms;
Prepare String: 0.023000 ms; Find Candidates: 339.075000 ms; Evaluate Candidates: 34.579000 ms; Find Best Matches: 0.002000 ms;
Prepare String: 0.019000 ms; Find Candidates: 105.362000 ms; Evaluate Candidates: 25.288000 ms; Find Best Matches: 0.002000 ms;
Prepare String: 0.019000 ms; Find Candidates: 107.636000 ms; Evaluate Candidates: 24.841000 ms; Find Best Matches: 0.003000 ms;
Prepare String: 0.025000 ms; Find Candidates: 160.445000 ms; Evaluate Candidates: 39.301000 ms; Find Best Matches: 0.003000 ms;
Prepare String: 0.035000 ms; Find Candidates: 484.943000 ms; Evaluate Candidates: 44.346000 ms; Find Best Matches: 0.001000 ms;
Prepare String: 0.018000 ms; Find Candidates: 14.588000 ms; Evaluate Candidates: 14.876000 ms; Find Best Matches: 0.002000 ms;
Prepare String: 0.024000 ms; Find Candidates: 223.093000 ms; Evaluate Candidates: 31.906000 ms; Find Best Matches: 0.003000 ms;
Prepare String: 0.023000 ms; Find Candidates: 263.206000 ms; Evaluate Candidates: 34.828000 ms; Find Best Matches: 0.002000 ms;
Prepare String: 0.015000 ms; Find Candidates: 22.609000 ms; Evaluate Candidates: 20.948000 ms; Find Best Matches: 0.000000 ms;
Prepare String: 0.019000 ms; Find Candidates: 261.629000 ms; Evaluate Candidates: 35.584000 ms; Find Best Matches: 0.002000 ms;
Prepare String: 0.016000 ms; Find Candidates: 145.060000 ms; Evaluate Candidates: 30.473000 ms; Find Best Matches: 0.002000 ms;
Prepare String: 0.018000 ms; Find Candidates: 276.969000 ms; Evaluate Candidates: 31.667000 ms; Find Best Matches: 0.002000 ms;
Prepare String: 0.019000 ms; Find Candidates: 362.521000 ms; Evaluate Candidates: 38.794000 ms; Find Best Matches: 0.003000 ms;
Prepare String: 0.036000 ms; Find Candidates: 227.873000 ms; Evaluate Candidates: 48.230000 ms; Find Best Matches: 0.000000 ms;
Prepare String: 0.024000 ms; Find Candidates: 188.254000 ms; Evaluate Candidates: 37.528000 ms; Find Best Matches: 0.003000 ms;
Prepare String: 0.019000 ms; Find Candidates: 42.091000 ms; Evaluate Candidates: 13.621000 ms; Find Best Matches: 0.001000 ms;
Prepare String: 0.013000 ms; Find Candidates: 217.992000 ms; Evaluate Candidates: 24.038000 ms; Find Best Matches: 0.001000 ms;
Prepare String: 0.020000 ms; Find Candidates: 269.509000 ms; Evaluate Candidates: 39.269000 ms; Find Best Matches: 0.002000 ms;
Prepare String: 0.022000 ms; Find Candidates: 267.652000 ms; Evaluate Candidates: 36.567000 ms; Find Best Matches: 0.002000 ms;
Prepare String: 0.019000 ms; Find Candidates: 211.678000 ms; Evaluate Candidates: 46.941000 ms; Find Best Matches: 0.002000 ms;
Prepare String: 0.023000 ms; Find Candidates: 309.930000 ms; Evaluate Candidates: 37.237000 ms; Find Best Matches: 0.002000 ms;
Prepare String: 0.028000 ms; Find Candidates: 385.738000 ms; Evaluate Candidates: 38.461000 ms; Find Best Matches: 0.003000 ms;
Prepare String: 0.016000 ms; Find Candidates: 136.458000 ms; Evaluate Candidates: 22.568000 ms; Find Best Matches: 0.001000 ms;
Prepare String: 0.024000 ms; Find Candidates: 220.692000 ms; Evaluate Candidates: 36.415000 ms; Find Best Matches: 0.002000 ms;
Prepare String: 0.022000 ms; Find Candidates: 195.574000 ms; Evaluate Candidates: 32.755000 ms; Find Best Matches: 0.003000 ms;
Prepare String: 0.021000 ms; Find Candidates: 110.428000 ms; Evaluate Candidates: 34.320000 ms; Find Best Matches: 0.003000 ms;
Prepare String: 0.025000 ms; Find Candidates: 86.619000 ms; Evaluate Candidates: 26.983000 ms; Find Best Matches: 0.000000 ms;
Prepare String: 0.027000 ms; Find Candidates: 171.931000 ms; Evaluate Candidates: 39.101000 ms; Find Best Matches: 0.003000 ms;
Prepare String: 0.025000 ms; Find Candidates: 163.896000 ms; Evaluate Candidates: 41.604000 ms; Find Best Matches: 0.002000 ms;
Prepare String: 0.027000 ms; Find Candidates: 41.624000 ms; Evaluate Candidates: 36.096000 ms; Find Best Matches: 0.002000 ms;
Prepare String: 0.024000 ms; Find Candidates: 275.031000 ms; Evaluate Candidates: 40.311000 ms; Find Best Matches: 0.003000 ms;
Prepare String: 0.029000 ms; Find Candidates: 44.689000 ms; Evaluate Candidates: 35.923000 ms; Find Best Matches: 0.002000 ms;
Prepare String: 0.023000 ms; Find Candidates: 344.564000 ms; Evaluate Candidates: 42.163000 ms; Find Best Matches: 0.003000 ms;
Prepare String: 0.036000 ms; Find Candidates: 91.638000 ms; Evaluate Candidates: 23.213000 ms; Find Best Matches: 0.002000 ms;
Prepare String: 0.019000 ms; Find Candidates: 115.679000 ms; Evaluate Candidates: 36.910000 ms; Find Best Matches: 0.006000 ms;
Prepare String: 0.038000 ms; Find Candidates: 26.211000 ms; Evaluate Candidates: 51.390000 ms; Find Best Matches: 0.000000 ms;
Prepare String: 0.021000 ms; Find Candidates: 108.571000 ms; Evaluate Candidates: 32.611000 ms; Find Best Matches: 0.002000 ms;
Prepare String: 0.019000 ms; Find Candidates: 71.836000 ms; Evaluate Candidates: 24.676000 ms; Find Best Matches: 0.003000 ms;
Prepare String: 0.018000 ms; Find Candidates: 62.211000 ms; Evaluate Candidates: 15.243000 ms; Find Best Matches: 0.002000 ms;
Prepare String: 0.021000 ms; Find Candidates: 83.461000 ms; Evaluate Candidates: 23.466000 ms; Find Best Matches: 0.002000 ms;
Prepare String: 0.023000 ms; Find Candidates: 117.985000 ms; Evaluate Candidates: 38.413000 ms; Find Best Matches: 0.003000 ms;
Prepare String: 0.015000 ms; Find Candidates: 148.587000 ms; Evaluate Candidates: 25.142000 ms; Find Best Matches: 0.001000 ms;
Prepare String: 0.021000 ms; Find Candidates: 567.843000 ms; Evaluate Candidates: 36.460000 ms; Find Best Matches: 0.002000 ms;
Prepare String: 0.023000 ms; Find Candidates: 256.342000 ms; Evaluate Candidates: 37.282000 ms; Find Best Matches: 0.001000 ms;
Prepare String: 0.021000 ms; Find Candidates: 223.026000 ms; Evaluate Candidates: 35.942000 ms; Find Best Matches: 0.005000 ms;
Prepare String: 0.041000 ms; Find Candidates: 232.111000 ms; Evaluate Candidates: 58.119000 ms; Find Best Matches: 0.002000 ms;
Prepare String: 0.020000 ms; Find Candidates: 113.524000 ms; Evaluate Candidates: 20.885000 ms; Find Best Matches: 0.002000 ms;
Prepare String: 0.027000 ms; Find Candidates: 515.627000 ms; Evaluate Candidates: 48.367000 ms; Find Best Matches: 0.002000 ms;
Prepare String: 0.020000 ms; Find Candidates: 74.624000 ms; Evaluate Candidates: 20.019000 ms; Find Best Matches: 0.003000 ms;
Prepare String: 0.023000 ms; Find Candidates: 79.741000 ms; Evaluate Candidates: 22.443000 ms; Find Best Matches: 0.002000 ms;
Prepare String: 0.022000 ms; Find Candidates: 138.870000 ms; Evaluate Candidates: 30.799000 ms; Find Best Matches: 0.003000 ms;
Prepare String: 0.026000 ms; Find Candidates: 181.661000 ms; Evaluate Candidates: 35.625000 ms; Find Best Matches: 0.002000 ms;
Prepare String: 0.028000 ms; Find Candidates: 211.046000 ms; Evaluate Candidates: 49.945000 ms; Find Best Matches: 0.004000 ms;
Prepare String: 0.025000 ms; Find Candidates: 144.011000 ms; Evaluate Candidates: 24.260000 ms; Find Best Matches: 0.002000 ms;
Prepare String: 0.028000 ms; Find Candidates: 294.556000 ms; Evaluate Candidates: 49.276000 ms; Find Best Matches: 0.003000 ms;
Prepare String: 0.026000 ms; Find Candidates: 248.621000 ms; Evaluate Candidates: 49.915000 ms; Find Best Matches: 0.003000 ms;
Prepare String: 0.021000 ms; Find Candidates: 479.888000 ms; Evaluate Candidates: 26.225000 ms; Find Best Matches: 0.002000 ms;
Prepare String: 0.023000 ms; Find Candidates: 410.649000 ms; Evaluate Candidates: 39.277000 ms; Find Best Matches: 0.005000 ms;
Prepare String: 0.032000 ms; Find Candidates: 33.715000 ms; Evaluate Candidates: 31.405000 ms; Find Best Matches: 0.005000 ms;
Prepare String: 0.041000 ms; Find Candidates: 40.498000 ms; Evaluate Candidates: 17.052000 ms; Find Best Matches: 0.003000 ms;
Prepare String: 0.038000 ms; Find Candidates: 517.296000 ms; Evaluate Candidates: 40.644000 ms; Find Best Matches: 0.002000 ms;
Prepare String: 0.026000 ms; Find Candidates: 493.790000 ms; Evaluate Candidates: 42.268000 ms; Find Best Matches: 0.003000 ms;
Prepare String: 0.023000 ms; Find Candidates: 267.710000 ms; Evaluate Candidates: 37.210000 ms; Find Best Matches: 0.001000 ms;
Prepare String: 0.015000 ms; Find Candidates: 223.942000 ms; Evaluate Candidates: 26.358000 ms; Find Best Matches: 0.002000 ms;
Prepare String: 0.024000 ms; Find Candidates: 127.303000 ms; Evaluate Candidates: 38.100000 ms; Find Best Matches: 0.002000 ms;
Prepare String: 0.016000 ms; Find Candidates: 85.652000 ms; Evaluate Candidates: 30.271000 ms; Find Best Matches: 0.003000 ms;
Prepare String: 0.033000 ms; Find Candidates: 200.337000 ms; Evaluate Candidates: 52.368000 ms; Find Best Matches: 0.000000 ms;
Prepare String: 0.028000 ms; Find Candidates: 566.842000 ms; Evaluate Candidates: 33.009000 ms; Find Best Matches: 0.002000 ms;
Prepare String: 0.029000 ms; Find Candidates: 252.950000 ms; Evaluate Candidates: 50.489000 ms; Find Best Matches: 0.002000 ms;
Prepare String: 0.030000 ms; Find Candidates: 85.214000 ms; Evaluate Candidates: 47.851000 ms; Find Best Matches: 0.003000 ms;
Prepare String: 0.025000 ms; Find Candidates: 225.683000 ms; Evaluate Candidates: 47.744000 ms; Find Best Matches: 0.002000 ms;
Prepare String: 0.023000 ms; Find Candidates: 207.869000 ms; Evaluate Candidates: 43.006000 ms; Find Best Matches: 0.002000 ms;
Prepare String: 0.026000 ms; Find Candidates: 238.796000 ms; Evaluate Candidates: 44.301000 ms; Find Best Matches: 0.002000 ms;
Prepare String: 0.030000 ms; Find Candidates: 279.261000 ms; Evaluate Candidates: 48.540000 ms; Find Best Matches: 0.002000 ms;
Prepare String: 0.023000 ms; Find Candidates: 377.819000 ms; Evaluate Candidates: 33.339000 ms; Find Best Matches: 0.003000 ms;
Prepare String: 0.024000 ms; Find Candidates: 299.581000 ms; Evaluate Candidates: 36.206000 ms; Find Best Matches: 0.002000 ms;
Prepare String: 0.029000 ms; Find Candidates: 508.342000 ms; Evaluate Candidates: 46.679000 ms; Find Best Matches: 0.004000 ms;
Prepare String: 0.041000 ms; Find Candidates: 142.292000 ms; Evaluate Candidates: 46.240000 ms; Find Best Matches: 0.004000 ms;
Prepare String: 0.040000 ms; Find Candidates: 230.190000 ms; Evaluate Candidates: 37.176000 ms; Find Best Matches: 0.003000 ms;
Prepare String: 0.018000 ms; Find Candidates: 59.780000 ms; Evaluate Candidates: 24.708000 ms; Find Best Matches: 0.004000 ms;
Prepare String: 0.038000 ms; Find Candidates: 111.748000 ms; Evaluate Candidates: 35.625000 ms; Find Best Matches: 0.002000 ms;
Prepare String: 0.021000 ms; Find Candidates: 183.918000 ms; Evaluate Candidates: 35.344000 ms; Find Best Matches: 0.002000 ms;
Prepare String: 0.023000 ms; Find Candidates: 220.136000 ms; Evaluate Candidates: 33.444000 ms; Find Best Matches: 0.002000 ms;
Prepare String: 0.020000 ms; Find Candidates: 171.087000 ms; Evaluate Candidates: 36.321000 ms; Find Best Matches: 0.003000 ms;
Prepare String: 0.029000 ms; Find Candidates: 197.333000 ms; Evaluate Candidates: 37.355000 ms; Find Best Matches: 0.003000 ms;
Prepare String: 0.028000 ms; Find Candidates: 77.402000 ms; Evaluate Candidates: 46.765000 ms; Find Best Matches: 0.004000 ms;
Prepare String: 0.038000 ms; Find Candidates: 569.873000 ms; Evaluate Candidates: 35.463000 ms; Find Best Matches: 0.001000 ms;
Prepare String: 0.029000 ms; Find Candidates: 264.484000 ms; Evaluate Candidates: 42.105000 ms; Find Best Matches: 0.003000 ms;
Prepare String: 0.030000 ms; Find Candidates: 1006.875000 ms; Evaluate Candidates: 41.863000 ms; Find Best Matches: 0.002000 ms;
Prepare String: 0.023000 ms; Find Candidates: 635.362000 ms; Evaluate Candidates: 37.743000 ms; Find Best Matches: 0.002000 ms;
Prepare String: 0.033000 ms; Find Candidates: 426.165000 ms; Evaluate Candidates: 44.979000 ms; Find Best Matches: 0.003000 ms;
Prepare String: 0.029000 ms; Find Candidates: 131.011000 ms; Evaluate Candidates: 42.945000 ms; Find Best Matches: 0.004000 ms;
Prepare String: 0.037000 ms; Find Candidates: 285.664000 ms; Evaluate Candidates: 37.671000 ms; Find Best Matches: 0.002000 ms;
Prepare String: 0.022000 ms; Find Candidates: 52.733000 ms; Evaluate Candidates: 23.589000 ms; Find Best Matches: 0.002000 ms;
Prepare String: 0.030000 ms; Find Candidates: 116.903000 ms; Evaluate Candidates: 48.829000 ms; Find Best Matches: 0.002000 ms;
Prepare String: 0.028000 ms; Find Candidates: 310.229000 ms; Evaluate Candidates: 40.456000 ms; Find Best Matches: 0.002000 ms;
Prepare String: 0.023000 ms; Find Candidates: 111.206000 ms; Evaluate Candidates: 24.846000 ms; Find Best Matches: 0.002000 ms;
Prepare String: 0.020000 ms; Find Candidates: 26.687000 ms; Evaluate Candidates: 20.679000 ms; Find Best Matches: 0.002000 ms;
Prepare String: 0.017000 ms; Find Candidates: 38.559000 ms; Evaluate Candidates: 23.105000 ms; Find Best Matches: 0.001000 ms;
Prepare String: 0.029000 ms; Find Candidates: 215.730000 ms; Evaluate Candidates: 29.160000 ms; Find Best Matches: 0.002000 ms;
Prepare String: 0.029000 ms; Find Candidates: 365.693000 ms; Evaluate Candidates: 41.907000 ms; Find Best Matches: 0.002000 ms;
Prepare String: 0.028000 ms; Find Candidates: 228.835000 ms; Evaluate Candidates: 46.300000 ms; Find Best Matches: 0.004000 ms;
Prepare String: 0.038000 ms; Find Candidates: 479.438000 ms; Evaluate Candidates: 48.065000 ms; Find Best Matches: 0.003000 ms;
Prepare String: 0.035000 ms; Find Candidates: 112.363000 ms; Evaluate Candidates: 29.216000 ms; Find Best Matches: 0.001000 ms;
Prepare String: 0.019000 ms; Find Candidates: 414.289000 ms; Evaluate Candidates: 56.781000 ms; Find Best Matches: 0.004000 ms;
Prepare String: 0.035000 ms; Find Candidates: 433.712000 ms; Evaluate Candidates: 36.154000 ms; Find Best Matches: 0.001000 ms;
Prepare String: 0.023000 ms; Find Candidates: 346.669000 ms; Evaluate Candidates: 33.214000 ms; Find Best Matches: 0.003000 ms;
Prepare String: 0.016000 ms; Find Candidates: 4.968000 ms; Evaluate Candidates: 22.523000 ms; Find Best Matches: 0.002000 ms;
Prepare String: 0.023000 ms; Find Candidates: 87.261000 ms; Evaluate Candidates: 29.021000 ms; Find Best Matches: 0.004000 ms;
Prepare String: 0.026000 ms; Find Candidates: 118.627000 ms; Evaluate Candidates: 38.999000 ms; Find Best Matches: 0.004000 ms;
Prepare String: 0.018000 ms; Find Candidates: 22.480000 ms; Evaluate Candidates: 18.994000 ms; Find Best Matches: 0.002000 ms;
Prepare String: 0.025000 ms; Find Candidates: 69.123000 ms; Evaluate Candidates: 37.485000 ms; Find Best Matches: 0.002000 ms;
Prepare String: 0.020000 ms; Find Candidates: 142.354000 ms; Evaluate Candidates: 36.561000 ms; Find Best Matches: 0.002000 ms;
Prepare String: 0.027000 ms; Find Candidates: 953.096000 ms; Evaluate Candidates: 50.029000 ms; Find Best Matches: 0.003000 ms;
Prepare String: 0.023000 ms; Find Candidates: 109.275000 ms; Evaluate Candidates: 34.644000 ms; Find Best Matches: 0.001000 ms;
Prepare String: 0.043000 ms; Find Candidates: 126.876000 ms; Evaluate Candidates: 25.778000 ms; Find Best Matches: 0.002000 ms;
Prepare String: 0.023000 ms; Find Candidates: 126.300000 ms; Evaluate Candidates: 53.989000 ms; Find Best Matches: 0.004000 ms;
Prepare String: 0.041000 ms; Find Candidates: 128.216000 ms; Evaluate Candidates: 44.028000 ms; Find Best Matches: 0.002000 ms;
Prepare String: 0.028000 ms; Find Candidates: 276.780000 ms; Evaluate Candidates: 61.926000 ms; Find Best Matches: 0.004000 ms;
Prepare String: 0.026000 ms; Find Candidates: 226.985000 ms; Evaluate Candidates: 29.576000 ms; Find Best Matches: 0.002000 ms;
Prepare String: 0.022000 ms; Find Candidates: 440.161000 ms; Evaluate Candidates: 43.976000 ms; Find Best Matches: 0.001000 ms;
Prepare String: 0.019000 ms; Find Candidates: 302.161000 ms; Evaluate Candidates: 30.161000 ms; Find Best Matches: 0.002000 ms;
Prepare String: 0.018000 ms; Find Candidates: 108.734000 ms; Evaluate Candidates: 24.849000 ms; Find Best Matches: 0.002000 ms;
Prepare String: 0.012000 ms; Find Candidates: 56.960000 ms; Evaluate Candidates: 18.912000 ms; Find Best Matches: 0.002000 ms;
Prepare String: 0.020000 ms; Find Candidates: 280.594000 ms; Evaluate Candidates: 50.568000 ms; Find Best Matches: 0.003000 ms;
Prepare String: 0.029000 ms; Find Candidates: 351.720000 ms; Evaluate Candidates: 38.215000 ms; Find Best Matches: 0.002000 ms;
Prepare String: 0.019000 ms; Find Candidates: 135.052000 ms; Evaluate Candidates: 23.349000 ms; Find Best Matches: 0.003000 ms;
Prepare String: 0.013000 ms; Find Candidates: 156.304000 ms; Evaluate Candidates: 29.731000 ms; Find Best Matches: 0.002000 ms;
Prepare String: 0.014000 ms; Find Candidates: 42.939000 ms; Evaluate Candidates: 12.966000 ms; Find Best Matches: 0.004000 ms;
Prepare String: 0.015000 ms; Find Candidates: 419.146000 ms; Evaluate Candidates: 31.734000 ms; Find Best Matches: 0.002000 ms;
Prepare String: 0.048000 ms; Find Candidates: 252.680000 ms; Evaluate Candidates: 31.400000 ms; Find Best Matches: 0.002000 ms;
Prepare String: 0.014000 ms; Find Candidates: 148.529000 ms; Evaluate Candidates: 38.197000 ms; Find Best Matches: 0.003000 ms;
Prepare String: 0.028000 ms; Find Candidates: 248.692000 ms; Evaluate Candidates: 50.053000 ms; Find Best Matches: 0.004000 ms;
Prepare String: 0.024000 ms; Find Candidates: 24.339000 ms; Evaluate Candidates: 24.922000 ms; Find Best Matches: 0.003000 ms;
Prepare String: 0.026000 ms; Find Candidates: 53.555000 ms; Evaluate Candidates: 33.191000 ms; Find Best Matches: 0.004000 ms;
Prepare String: 0.022000 ms; Find Candidates: 44.840000 ms; Evaluate Candidates: 31.160000 ms; Find Best Matches: 0.003000 ms;
Prepare String: 0.022000 ms; Find Candidates: 88.608000 ms; Evaluate Candidates: 34.008000 ms; Find Best Matches: 0.003000 ms;
Prepare String: 0.021000 ms; Find Candidates: 193.994000 ms; Evaluate Candidates: 52.139000 ms; Find Best Matches: 0.004000 ms;
Prepare String: 0.014000 ms; Find Candidates: 7.960000 ms; Evaluate Candidates: 9.787000 ms; Find Best Matches: 0.001000 ms;
Prepare String: 0.012000 ms; Find Candidates: 212.335000 ms; Evaluate Candidates: 22.331000 ms; Find Best Matches: 0.002000 ms;
Prepare String: 0.014000 ms; Find Candidates: 214.883000 ms; Evaluate Candidates: 32.882000 ms; Find Best Matches: 0.003000 ms;
Prepare String: 0.084000 ms; Find Candidates: 166.377000 ms; Evaluate Candidates: 35.588000 ms; Find Best Matches: 0.004000 ms;
Prepare String: 0.025000 ms; Find Candidates: 217.719000 ms; Evaluate Candidates: 33.387000 ms; Find Best Matches: 0.003000 ms;
Prepare String: 0.018000 ms; Find Candidates: 115.548000 ms; Evaluate Candidates: 25.961000 ms; Find Best Matches: 0.002000 ms;
Prepare String: 0.018000 ms; Find Candidates: 208.596000 ms; Evaluate Candidates: 33.909000 ms; Find Best Matches: 0.005000 ms;
Prepare String: 0.018000 ms; Find Candidates: 193.094000 ms; Evaluate Candidates: 39.643000 ms; Find Best Matches: 0.003000 ms;
Prepare String: 0.040000 ms; Find Candidates: 214.702000 ms; Evaluate Candidates: 46.385000 ms; Find Best Matches: 0.004000 ms;
Prepare String: 0.047000 ms; Find Candidates: 198.473000 ms; Evaluate Candidates: 57.829000 ms; Find Best Matches: 0.003000 ms;
Prepare String: 0.041000 ms; Find Candidates: 299.335000 ms; Evaluate Candidates: 45.923000 ms; Find Best Matches: 0.002000 ms;
Prepare String: 0.032000 ms; Find Candidates: 229.445000 ms; Evaluate Candidates: 43.182000 ms; Find Best Matches: 0.003000 ms;
Prepare String: 0.018000 ms; Find Candidates: 24.505000 ms; Evaluate Candidates: 28.575000 ms; Find Best Matches: 0.006000 ms;
Prepare String: 0.040000 ms; Find Candidates: 121.482000 ms; Evaluate Candidates: 39.598000 ms; Find Best Matches: 0.002000 ms;
Prepare String: 0.018000 ms; Find Candidates: 124.259000 ms; Evaluate Candidates: 39.573000 ms; Find Best Matches: 0.004000 ms;
Prepare String: 0.030000 ms; Find Candidates: 222.542000 ms; Evaluate Candidates: 28.860000 ms; Find Best Matches: 0.003000 ms;
Prepare String: 0.020000 ms; Find Candidates: 181.024000 ms; Evaluate Candidates: 38.843000 ms; Find Best Matches: 0.003000 ms;
Prepare String: 0.026000 ms; Find Candidates: 203.008000 ms; Evaluate Candidates: 29.383000 ms; Find Best Matches: 0.001000 ms;
Prepare String: 0.014000 ms; Find Candidates: 59.389000 ms; Evaluate Candidates: 16.735000 ms; Find Best Matches: 0.002000 ms;
Prepare String: 0.018000 ms; Find Candidates: 94.789000 ms; Evaluate Candidates: 39.605000 ms; Find Best Matches: 0.004000 ms;
Prepare String: 0.034000 ms; Find Candidates: 544.174000 ms; Evaluate Candidates: 37.075000 ms; Find Best Matches: 0.003000 ms;
Prepare String: 0.027000 ms; Find Candidates: 290.050000 ms; Evaluate Candidates: 31.191000 ms; Find Best Matches: 0.002000 ms;
Prepare String: 0.017000 ms; Find Candidates: 219.432000 ms; Evaluate Candidates: 22.011000 ms; Find Best Matches: 0.001000 ms;
Prepare String: 0.024000 ms; Find Candidates: 271.080000 ms; Evaluate Candidates: 46.038000 ms; Find Best Matches: 0.002000 ms;
Prepare String: 0.017000 ms; Find Candidates: 216.770000 ms; Evaluate Candidates: 24.406000 ms; Find Best Matches: 0.003000 ms;
Prepare String: 0.025000 ms; Find Candidates: 276.398000 ms; Evaluate Candidates: 35.539000 ms; Find Best Matches: 0.003000 ms;
Prepare String: 0.018000 ms; Find Candidates: 87.118000 ms; Evaluate Candidates: 25.082000 ms; Find Best Matches: 0.004000 ms;
Prepare String: 0.035000 ms; Find Candidates: 485.721000 ms; Evaluate Candidates: 31.693000 ms; Find Best Matches: 0.002000 ms;
Prepare String: 0.029000 ms; Find Candidates: 290.931000 ms; Evaluate Candidates: 40.614000 ms; Find Best Matches: 0.001000 ms;
Prepare String: 0.026000 ms; Find Candidates: 243.668000 ms; Evaluate Candidates: 47.247000 ms; Find Best Matches: 0.003000 ms;
Prepare String: 0.035000 ms; Find Candidates: 94.371000 ms; Evaluate Candidates: 45.282000 ms; Find Best Matches: 0.003000 ms;
Prepare String: 0.028000 ms; Find Candidates: 135.286000 ms; Evaluate Candidates: 48.163000 ms; Find Best Matches: 0.002000 ms;
Done!

Statistics:
Number of executed queries: 500
Number of correct matches: 495 (99.000000%)
Number of failed matches: 5 (1.000000%)
